<?xml version="1.0" encoding="UTF-8"?>
<!-- Generated by org.testng.reporters.JUnitXMLReporter -->
<testsuite hostname="GauravAhuja" ignored="0" name="Test" tests="4" failures="0" timestamp="2022-02-25T23:26:07 IST" time="88.946" errors="0">
  <testcase name="GetDataProvider" time="15.106" classname="BankingTestCases.Tc_02"/>
  <testcase name="GetDataProvider" time="8.672" classname="BankingTestCases.Tc_02"/>
  <testcase name="GetDataProvider" time="7.66" classname="BankingTestCases.Tc_02"/>
  <testcase name="GetDataProvider" time="13.084" classname="BankingTestCases.Tc_02"/>
</testsuite> <!-- Test -->
