<?xml version="1.0" encoding="UTF-8"?>
<testng-results ignored="0" total="1" passed="1" failed="0" skipped="0">
  <reporter-output>
  </reporter-output>
  <suite started-at="2023-09-17T17:33:42 IST" name="Default suite" finished-at="2023-09-17T17:34:50 IST" duration-ms="67912">
    <groups>
    </groups>
    <test started-at="2023-09-17T17:33:42 IST" name="Default test" finished-at="2023-09-17T17:34:50 IST" duration-ms="67912">
      <class name="BankingTestCases.Snapdeal">
        <test-method is-config="true" signature="dealSucc()[pri:0, instance:BankingTestCases.Snapdeal@55b53d44]" started-at="2023-09-17T17:33:42 IST" name="dealSucc" finished-at="2023-09-17T17:34:12 IST" duration-ms="30529" status="PASS">
          <reporter-output>
          </reporter-output>
        </test-method> <!-- dealSucc -->
        <test-method signature="pStories()[pri:0, instance:BankingTestCases.Snapdeal@55b53d44]" started-at="2023-09-17T17:34:12 IST" name="pStories" finished-at="2023-09-17T17:34:49 IST" duration-ms="37162" status="PASS">
          <reporter-output>
          </reporter-output>
        </test-method> <!-- pStories -->
      </class> <!-- BankingTestCases.Snapdeal -->
    </test> <!-- Default test -->
  </suite> <!-- Default suite -->
</testng-results>
